[debug] [2021-07-19T03:36:17.748Z] ----------------------------------------------------------------------
[debug] [2021-07-19T03:36:17.758Z] Command:       C:\Program Files\nodejs\node.exe C:\Users\franmontroya\AppData\Roaming\npm\node_modules\firebase-tools\lib\bin\firebase.js login
[debug] [2021-07-19T03:36:17.761Z] CLI Version:   9.16.0
[debug] [2021-07-19T03:36:17.761Z] Platform:      win32
[debug] [2021-07-19T03:36:17.762Z] Node Version:  v10.24.0
[debug] [2021-07-19T03:36:17.765Z] Time:          Mon Jul 19 2021 00:36:17 GMT-0300 (GMT-03:00)
[debug] [2021-07-19T03:36:17.765Z] ----------------------------------------------------------------------
[debug] 
[info] i  Firebase optionally collects CLI usage and error reporting information to help improve our products. Data is collected in accordance with Google's privacy policy (https://policies.google.com/privacy) and is not used to identify you.
 
[info] i  To change your data collection preference at any time, run `firebase logout` and log in again. 
[info] 
[info] Visit this URL on this device to log in:
[info] https://accounts.google.com/o/oauth2/auth?client_id=563584335869-fgrhgmd47bqnekij5i8b5pr03ho849e6.apps.googleusercontent.com&scope=email%20openid%20https%3A%2F%2Fwww.googleapis.com%2Fauth%2Fcloudplatformprojects.readonly%20https%3A%2F%2Fwww.googleapis.com%2Fauth%2Ffirebase%20https%3A%2F%2Fwww.googleapis.com%2Fauth%2Fcloud-platform&response_type=code&state=1000095551&redirect_uri=http%3A%2F%2Flocalhost%3A9005
[info] 
[info] Waiting for authentication...
[debug] [2021-07-19T03:36:20.876Z] Error: spawn cmd ENOENT
    at Process.ChildProcess._handle.onexit (internal/child_process.js:240:19)
    at onErrorNT (internal/child_process.js:415:16)
    at process._tickCallback (internal/process/next_tick.js:63:19)
[error] 
[error] Error: An unexpected error has occurred.
